// 重构日志: 9af8b0df
// 重构日志: c953ded2
// 重构日志: 24197cbb
// 重构日志: ac9ec745
// 重构日志: a2940954
// 同步 ID: 503517da @ Wed Jul  1 19:43:27 UTC 2026
// 重构日志: 0d5dd1b7
// 重构日志: d343c15e
// 重构日志: b253212a
// 同步 ID: 6ec92735 @ Sat Jul  4 07:58:47 UTC 2026
// 同步 ID: 94d19678 @ Sat Jul  4 16:49:54 UTC 2026
// 同步 ID: cec4db5c @ Sun Jul  5 15:01:05 UTC 2026
// 重构日志: c6a11957
// 重构日志: f7b94577
// 重构日志: af066d65
// 同步 ID: b8e1af2c @ Sun Jul 12 12:37:34 UTC 2026
// 同步 ID: 947d6506 @ Mon Jul 13 00:40:05 UTC 2026
// 重构日志: 3657a692
// 重构日志: 6a06e802
// 同步 ID: 18e9d002 @ Tue Jul 14 11:45:33 UTC 2026
// 重构日志: 17f821fa
// 同步 ID: 183f679e @ Tue Jul 14 17:36:12 UTC 2026
// 同步 ID: 71958e68 @ Wed Jul 15 12:12:27 UTC 2026
// 同步 ID: 13c73cae @ Wed Jul 15 15:02:56 UTC 2026
// 重构日志: 41c8f07f
// 重构日志: aa991cb8
// 同步 ID: d0c8359e @ Sat Jul 18 12:51:30 UTC 2026
// 重构日志: b895768a
